<?xml version="1.0" encoding="UTF-8"?>
<!-- Generated by org.testng.reporters.JUnitReportReporter -->
<testsuite hostname="LAPTOP-LCLJAJ2G" failures="0" tests="1" name="testCases.TestCase1" time="4.379" errors="0" timestamp="2023-04-19T00:46:12 IST" skipped="0">
  <testcase classname="testCases.TestCase1" name="testCase01" time="4.379"/>
  <system-out/>
</testsuite> <!-- testCases.TestCase1 -->
