<?xml version="1.0" encoding="UTF-8"?>
<!-- Generated by org.testng.reporters.JUnitReportReporter -->
<testsuite hostname="LAPTOP-LCLJAJ2G" failures="0" tests="1" name="testCases.TestCase3" time="4.984" errors="0" timestamp="2023-04-19T00:46:12 IST" skipped="0">
  <testcase classname="testCases.TestCase3" name="testCase03" time="4.984"/>
  <system-out/>
</testsuite> <!-- testCases.TestCase3 -->
