<?xml version="1.0" encoding="UTF-8"?>
<!-- Generated by org.testng.reporters.JUnitReportReporter -->
<testsuite hostname="LAPTOP-LCLJAJ2G" failures="0" tests="1" name="testCases.TestCase2" time="4.095" errors="0" timestamp="2023-04-19T00:46:12 IST" skipped="0">
  <testcase classname="testCases.TestCase2" name="testCase02" time="4.095"/>
  <system-out/>
</testsuite> <!-- testCases.TestCase2 -->
